2025-02-07 11:04:54,906 - global_logger - INFO - Light controller connection is working
2025-02-07 11:04:55,610 - global_logger - INFO - 2 Basler camera detected
2025-02-07 11:04:55,781 - global_logger - INFO - Loading features for camera a2A4504-5gcBAS_40333929
2025-02-07 11:04:57,979 - global_logger - INFO - Loading features for camera a2A4504-5gcBAS_40333932
2025-02-07 11:05:00,214 - global_logger - INFO - Checking real fps...
2025-02-07 11:05:00,215 - global_logger - INFO - Synchronizing cameras...
2025-02-07 11:05:06,542 - global_logger - INFO - Master synchronized
2025-02-07 11:05:20,376 - global_logger - INFO - Slaves synchronized
2025-02-07 11:05:21,529 - global_logger - INFO - Cameras started, synch = True, strategy = GrabStrategy_LatestImages
2025-02-07 11:06:16,498 - global_logger - INFO - Devices info saved in /home/emcarus/Desktop/git_repos/refactored_project/sensorflow/data/grabbed
2025-02-07 11:06:16,498 - global_logger - INFO - Collection config saved in /home/emcarus/Desktop/git_repos/refactored_project/sensorflow/data/grabbed
2025-02-07 11:09:21,584 - global_logger - INFO - Light controller connection is working
2025-02-07 11:09:22,301 - global_logger - INFO - 2 Basler camera detected
2025-02-07 11:09:38,499 - global_logger - INFO - Light controller connection is working
2025-02-07 11:09:39,190 - global_logger - INFO - 2 Basler camera detected
2025-02-07 11:09:39,361 - global_logger - INFO - Loading features for camera a2A4504-5gcBAS_40333929
2025-02-07 11:09:41,585 - global_logger - INFO - Loading features for camera a2A4504-5gcBAS_40333932
2025-02-07 11:09:43,829 - global_logger - INFO - Checking real fps...
2025-02-07 11:09:44,930 - global_logger - INFO - Cameras started, synch = True, strategy = GrabStrategy_LatestImages
2025-02-07 11:09:46,978 - global_logger - INFO - Images captured (total: 0 per cam)
2025-02-07 11:09:47,499 - global_logger - INFO - Images captured (total: 1 per cam)
2025-02-07 11:09:48,272 - global_logger - INFO - Devices info saved in /home/emcarus/Desktop/git_repos/refactored_project/sensorflow/data/grabbed
2025-02-07 11:09:48,272 - global_logger - INFO - Collection config saved in /home/emcarus/Desktop/git_repos/refactored_project/sensorflow/data/grabbed
2025-02-07 11:09:57,272 - global_logger - INFO - Light controller connection is working
2025-02-07 11:09:57,983 - global_logger - INFO - 2 Basler camera detected
2025-02-07 11:09:58,153 - global_logger - INFO - Loading features for camera a2A4504-5gcBAS_40333929
2025-02-07 11:10:00,359 - global_logger - INFO - Loading features for camera a2A4504-5gcBAS_40333932
2025-02-07 11:10:02,599 - global_logger - INFO - Checking real fps...
2025-02-07 11:10:03,691 - global_logger - INFO - Cameras started, synch = True, strategy = GrabStrategy_LatestImages
2025-02-07 11:10:06,282 - global_logger - INFO - Not saving because no images are captured
2025-02-07 11:12:36,720 - global_logger - INFO - Light controller connection is working
